0 info it worked if it ends with ok
1 verbose cli [ '/usr/bin/node',
1 verbose cli   '/usr/bin/npm',
1 verbose cli   'install',
1 verbose cli   'gulp-jshint',
1 verbose cli   '--save-dev' ]
2 info using npm@1.4.28
3 info using node@v0.10.37
4 verbose node symlink /usr/bin/node
5 warn package.json demo-gulp@0.1.0 No repository field.
6 warn package.json demo-gulp@0.1.0 No README data
7 verbose readDependencies using package.json deps
8 verbose cache add [ 'gulp-jshint', null ]
9 verbose cache add name=undefined spec="gulp-jshint" args=["gulp-jshint",null]
10 verbose parsed url { protocol: null,
10 verbose parsed url   slashes: null,
10 verbose parsed url   auth: null,
10 verbose parsed url   host: null,
10 verbose parsed url   port: null,
10 verbose parsed url   hostname: null,
10 verbose parsed url   hash: null,
10 verbose parsed url   search: null,
10 verbose parsed url   query: null,
10 verbose parsed url   pathname: 'gulp-jshint',
10 verbose parsed url   path: 'gulp-jshint',
10 verbose parsed url   href: 'gulp-jshint' }
11 silly lockFile aeb19f3d-gulp-jshint gulp-jshint
12 verbose lock gulp-jshint /home/lavalamp/.npm/aeb19f3d-gulp-jshint.lock
13 silly lockFile aeb19f3d-gulp-jshint gulp-jshint
14 silly lockFile aeb19f3d-gulp-jshint gulp-jshint
15 verbose addNamed [ 'gulp-jshint', '' ]
16 verbose addNamed [ null, '*' ]
17 silly lockFile 8b36bbde-gulp-jshint gulp-jshint@
18 verbose lock gulp-jshint@ /home/lavalamp/.npm/8b36bbde-gulp-jshint.lock
19 silly addNameRange { name: 'gulp-jshint', range: '*', hasData: false }
20 verbose request where is /gulp-jshint
21 verbose request registry http://registry.npmjs.org/
22 verbose request id ee92bd86b1d70c99
23 verbose url raw /gulp-jshint
24 verbose url resolving [ 'http://registry.npmjs.org/', './gulp-jshint' ]
25 verbose url resolved http://registry.npmjs.org/gulp-jshint
26 verbose request where is http://registry.npmjs.org/gulp-jshint
27 info trying registry request attempt 1 at 16:37:31
28 verbose etag "CKO8K87KU5BI682BHNS5JGY48"
29 http GET http://registry.npmjs.org/gulp-jshint
30 http 200 http://registry.npmjs.org/gulp-jshint
31 silly registry.get cb [ 200,
31 silly registry.get   { server: 'CouchDB/1.5.0 (Erlang OTP/R16B03)',
31 silly registry.get     etag: '"4MQBEL4VUHE2QE8R7D6HSON9Q"',
31 silly registry.get     'content-type': 'application/json',
31 silly registry.get     'cache-control': 'max-age=60',
31 silly registry.get     'content-length': '56403',
31 silly registry.get     'accept-ranges': 'bytes',
31 silly registry.get     date: 'Thu, 26 Mar 2015 09:37:33 GMT',
31 silly registry.get     via: '1.1 varnish',
31 silly registry.get     age: '2',
31 silly registry.get     connection: 'keep-alive',
31 silly registry.get     'x-served-by': 'cache-lax1430-LAX',
31 silly registry.get     'x-cache': 'HIT',
31 silly registry.get     'x-cache-hits': '1',
31 silly registry.get     'x-timer': 'S1427362653.764609,VS0,VE0',
31 silly registry.get     vary: 'Accept' } ]
32 silly addNameRange number 2 { name: 'gulp-jshint', range: '*', hasData: true }
33 silly addNameRange versions [ 'gulp-jshint',
33 silly addNameRange   [ '0.0.1',
33 silly addNameRange     '0.1.0',
33 silly addNameRange     '1.0.0',
33 silly addNameRange     '1.1.0',
33 silly addNameRange     '1.2.0',
33 silly addNameRange     '1.3.0',
33 silly addNameRange     '1.3.1',
33 silly addNameRange     '1.3.2',
33 silly addNameRange     '1.3.3',
33 silly addNameRange     '1.3.4',
33 silly addNameRange     '1.4.0',
33 silly addNameRange     '1.4.1',
33 silly addNameRange     '1.4.2',
33 silly addNameRange     '1.5.0',
33 silly addNameRange     '1.5.1',
33 silly addNameRange     '1.5.2',
33 silly addNameRange     '1.5.3',
33 silly addNameRange     '1.5.4',
33 silly addNameRange     '1.5.5',
33 silly addNameRange     '1.5.6',
33 silly addNameRange     '1.6.0',
33 silly addNameRange     '1.6.1',
33 silly addNameRange     '1.6.2',
33 silly addNameRange     '1.6.3',
33 silly addNameRange     '1.6.4',
33 silly addNameRange     '1.7.0',
33 silly addNameRange     '1.7.1',
33 silly addNameRange     '1.8.0',
33 silly addNameRange     '1.8.1',
33 silly addNameRange     '1.8.2',
33 silly addNameRange     '1.8.3',
33 silly addNameRange     '1.8.4',
33 silly addNameRange     '1.8.5',
33 silly addNameRange     '1.8.6',
33 silly addNameRange     '1.9.0',
33 silly addNameRange     '1.9.2',
33 silly addNameRange     '1.9.3',
33 silly addNameRange     '1.9.4' ] ]
34 verbose addNamed [ 'gulp-jshint', '1.9.4' ]
35 verbose addNamed [ '1.9.4', '1.9.4' ]
36 silly lockFile fd58df42-gulp-jshint-1-9-4 gulp-jshint@1.9.4
37 verbose lock gulp-jshint@1.9.4 /home/lavalamp/.npm/fd58df42-gulp-jshint-1-9-4.lock
38 silly lockFile df943caf-ulp-jshint-gulp-jshint-1-9-4-tgz http://registry.npmjs.org/gulp-jshint/-/gulp-jshint-1.9.4.tgz
39 verbose lock http://registry.npmjs.org/gulp-jshint/-/gulp-jshint-1.9.4.tgz /home/lavalamp/.npm/df943caf-ulp-jshint-gulp-jshint-1-9-4-tgz.lock
40 verbose addRemoteTarball [ 'http://registry.npmjs.org/gulp-jshint/-/gulp-jshint-1.9.4.tgz',
40 verbose addRemoteTarball   '4742a7c78a208409f3548b8d1d6d4385d0b85737' ]
41 info retry fetch attempt 1 at 16:37:31
42 verbose fetch to= /tmp/npm-13539-gr9VokSH/registry.npmjs.org/gulp-jshint/-/gulp-jshint-1.9.4.tgz
43 http GET http://registry.npmjs.org/gulp-jshint/-/gulp-jshint-1.9.4.tgz
44 http 200 http://registry.npmjs.org/gulp-jshint/-/gulp-jshint-1.9.4.tgz
45 silly lockFile df943caf-ulp-jshint-gulp-jshint-1-9-4-tgz http://registry.npmjs.org/gulp-jshint/-/gulp-jshint-1.9.4.tgz
46 silly lockFile df943caf-ulp-jshint-gulp-jshint-1-9-4-tgz http://registry.npmjs.org/gulp-jshint/-/gulp-jshint-1.9.4.tgz
47 silly lockFile fd58df42-gulp-jshint-1-9-4 gulp-jshint@1.9.4
48 silly lockFile fd58df42-gulp-jshint-1-9-4 gulp-jshint@1.9.4
49 silly lockFile 8b36bbde-gulp-jshint gulp-jshint@
50 silly lockFile 8b36bbde-gulp-jshint gulp-jshint@
51 error Error: EACCES, mkdir '/home/lavalamp/.npm/gulp-jshint/1.9.4'
51 error  { [Error: EACCES, mkdir '/home/lavalamp/.npm/gulp-jshint/1.9.4']
51 error   errno: 3,
51 error   code: 'EACCES',
51 error   path: '/home/lavalamp/.npm/gulp-jshint/1.9.4',
51 error   parent: 'demo-gulp' }
52 error Please try running this command again as root/Administrator.
53 error System Linux 3.13.0-46-generic
54 error command "/usr/bin/node" "/usr/bin/npm" "install" "gulp-jshint" "--save-dev"
55 error cwd /home/lavalamp/gulp-exam
56 error node -v v0.10.37
57 error npm -v 1.4.28
58 error path /home/lavalamp/.npm/gulp-jshint/1.9.4
59 error code EACCES
60 error errno 3
61 error stack Error: EACCES, mkdir '/home/lavalamp/.npm/gulp-jshint/1.9.4'
62 verbose exit [ 3, true ]
